<?xml version="1.0" encoding="UTF-8" ?>
<testsuites>
  <testsuite errors="0" failures="0" hostname="TOSHIBA" id="0" name="TimelineFunctionalSpec" package="com.grailsinaction" tests="2" time="15.977" timestamp="2015-03-23T17:35:29">
      <properties />

      <testcase classname="com.grailsinaction.TimelineFunctionalSpec" name="Check that timeline loads for user &apos;phil&apos;" time="10.729" />

      <testcase classname="com.grailsinaction.TimelineFunctionalSpec" name="Submitting a new post" time="5.237" />

      <system-out><![CDATA[--Output from Check that timeline loads for user 'phil'--
--Output from Submitting a new post--
]]></system-out>

      <system-err><![CDATA[--Output from Check that timeline loads for user 'phil'--
--Output from Submitting a new post--
]]></system-err>

  </testsuite>
  <testsuite errors="0" failures="0" hostname="TOSHIBA" id="1" name="TimelinePageFunctionalSpec" package="com.grailsinaction" tests="2" time="5.909" timestamp="2015-03-23T17:35:45">
      <properties />

      <testcase classname="com.grailsinaction.TimelinePageFunctionalSpec" name="Does timeline load for user &apos;phil&apos;" time="1.219" />

      <testcase classname="com.grailsinaction.TimelinePageFunctionalSpec" name="Submitting a new post" time="4.687" />

      <system-out><![CDATA[--Output from Does timeline load for user 'phil'--
--Output from Submitting a new post--
]]></system-out>

      <system-err><![CDATA[--Output from Does timeline load for user 'phil'--
--Output from Submitting a new post--
]]></system-err>

  </testsuite>
</testsuites>
